<?xml version="1.0" encoding="UTF-8"?>
<coverage generated="1654124586994" clover="3.2.0">
  <project timestamp="1654124586994" name="All files">
    <metrics statements="68" coveredstatements="66" conditionals="25" coveredconditionals="24" methods="14" coveredmethods="12" elements="107" coveredelements="102" complexity="0" loc="68" ncloc="68" packages="1" files="4" classes="4"/>
    <file name="pixel-services.js" path="C:\Users\Reed\Pixlerr\expressjs-backend\models\pixel-services.js">
      <metrics statements="28" coveredstatements="27" conditionals="4" coveredconditionals="4" methods="6" coveredmethods="5"/>
      <line num="1" count="1" type="stmt"/>
      <line num="2" count="1" type="stmt"/>
      <line num="3" count="1" type="stmt"/>
      <line num="4" count="1" type="stmt"/>
      <line num="6" count="1" type="stmt"/>
      <line num="11" count="0" type="stmt"/>
      <line num="14" count="2" type="stmt"/>
      <line num="18" count="2" type="stmt"/>
      <line num="19" count="2" type="stmt"/>
      <line num="20" count="2" type="stmt"/>
      <line num="21" count="1" type="stmt"/>
      <line num="23" count="1" type="stmt"/>
      <line num="26" count="1" type="stmt"/>
      <line num="27" count="1" type="stmt"/>
      <line num="33" count="1" type="stmt"/>
      <line num="34" count="1" type="stmt"/>
      <line num="39" count="2" type="cond" truecount="4" falsecount="0"/>
      <line num="40" count="1" type="stmt"/>
      <line num="42" count="1" type="stmt"/>
      <line num="43" count="40" type="stmt"/>
      <line num="44" count="800" type="stmt"/>
      <line num="49" count="800" type="stmt"/>
      <line num="50" count="800" type="stmt"/>
      <line num="53" count="1" type="stmt"/>
      <line num="56" count="1" type="stmt"/>
      <line num="57" count="1" type="stmt"/>
      <line num="58" count="1" type="stmt"/>
      <line num="59" count="1" type="stmt"/>
    </file>
    <file name="pixel.js" path="C:\Users\Reed\Pixlerr\expressjs-backend\models\pixel.js">
      <metrics statements="3" coveredstatements="3" conditionals="0" coveredconditionals="0" methods="0" coveredmethods="0"/>
      <line num="1" count="1" type="stmt"/>
      <line num="3" count="1" type="stmt"/>
      <line num="21" count="1" type="stmt"/>
    </file>
    <file name="user-services.js" path="C:\Users\Reed\Pixlerr\expressjs-backend\models\user-services.js">
      <metrics statements="31" coveredstatements="30" conditionals="19" coveredconditionals="18" methods="7" coveredmethods="6"/>
      <line num="1" count="1" type="stmt"/>
      <line num="2" count="1" type="stmt"/>
      <line num="3" count="1" type="stmt"/>
      <line num="5" count="1" type="stmt"/>
      <line num="10" count="0" type="stmt"/>
      <line num="14" count="5" type="cond" truecount="4" falsecount="0"/>
      <line num="15" count="1" type="stmt"/>
      <line num="16" count="4" type="cond" truecount="5" falsecount="0"/>
      <line num="17" count="1" type="stmt"/>
      <line num="18" count="3" type="cond" truecount="5" falsecount="0"/>
      <line num="19" count="1" type="stmt"/>
      <line num="20" count="2" type="cond" truecount="4" falsecount="1"/>
      <line num="21" count="2" type="stmt"/>
      <line num="23" count="5" type="stmt"/>
      <line num="27" count="3" type="stmt"/>
      <line num="28" count="3" type="stmt"/>
      <line num="29" count="3" type="stmt"/>
      <line num="30" count="1" type="stmt"/>
      <line num="32" count="2" type="stmt"/>
      <line num="33" count="2" type="stmt"/>
      <line num="38" count="2" type="stmt"/>
      <line num="41" count="2" type="stmt"/>
      <line num="42" count="1" type="stmt"/>
      <line num="44" count="1" type="stmt"/>
      <line num="45" count="1" type="stmt"/>
      <line num="50" count="1" type="stmt"/>
      <line num="54" count="1" type="stmt"/>
      <line num="58" count="2" type="stmt"/>
      <line num="61" count="1" type="stmt"/>
      <line num="62" count="1" type="stmt"/>
      <line num="63" count="1" type="stmt"/>
    </file>
    <file name="user.js" path="C:\Users\Reed\Pixlerr\expressjs-backend\models\user.js">
      <metrics statements="6" coveredstatements="6" conditionals="2" coveredconditionals="2" methods="1" coveredmethods="1"/>
      <line num="1" count="1" type="stmt"/>
      <line num="3" count="1" type="stmt"/>
      <line num="15" count="2" type="cond" truecount="2" falsecount="0"/>
      <line num="16" count="1" type="stmt"/>
      <line num="28" count="1" type="stmt"/>
      <line num="30" count="1" type="stmt"/>
    </file>
  </project>
</coverage>
