{"C:\\Users\\Reed\\Pixlerr\\expressjs-backend\\models\\user-services.js": {"path":"C:\\Users\\Reed\\Pixlerr\\expressjs-backend\\models\\user-services.js","statementMap":{"0":{"start":{"line":1,"column":17},"end":{"line":1,"column":36}},"1":{"start":{"line":2,"column":18},"end":{"line":2,"column":35}},"2":{"start":{"line":3,"column":0},"end":{"line":3,"column":28}},"3":{"start":{"line":5,"column":0},"end":{"line":10,"column":40}},"4":{"start":{"line":10,"column":20},"end":{"line":10,"column":38}},"5":{"start":{"line":14,"column":2},"end":{"line":20,"column":3}},"6":{"start":{"line":15,"column":4},"end":{"line":15,"column":36}},"7":{"start":{"line":16,"column":9},"end":{"line":20,"column":3}},"8":{"start":{"line":17,"column":4},"end":{"line":17,"column":48}},"9":{"start":{"line":18,"column":9},"end":{"line":20,"column":3}},"10":{"start":{"line":19,"column":6},"end":{"line":19,"column":71}},"11":{"start":{"line":21,"column":2},"end":{"line":21,"column":16}},"12":{"start":{"line":25,"column":2},"end":{"line":32,"column":3}},"13":{"start":{"line":26,"column":22},"end":{"line":26,"column":41}},"14":{"start":{"line":27,"column":22},"end":{"line":27,"column":44}},"15":{"start":{"line":28,"column":4},"end":{"line":28,"column":21}},"16":{"start":{"line":30,"column":4},"end":{"line":30,"column":23}},"17":{"start":{"line":31,"column":4},"end":{"line":31,"column":17}},"18":{"start":{"line":36,"column":4},"end":{"line":44,"column":5}},"19":{"start":{"line":39,"column":28},"end":{"line":39,"column":65}},"20":{"start":{"line":40,"column":8},"end":{"line":40,"column":27}},"21":{"start":{"line":42,"column":8},"end":{"line":42,"column":27}},"22":{"start":{"line":43,"column":8},"end":{"line":43,"column":21}},"23":{"start":{"line":48,"column":2},"end":{"line":48,"column":54}},"24":{"start":{"line":52,"column":4},"end":{"line":52,"column":74}},"25":{"start":{"line":55,"column":0},"end":{"line":55,"column":28}},"26":{"start":{"line":56,"column":0},"end":{"line":56,"column":26}},"27":{"start":{"line":57,"column":0},"end":{"line":57,"column":32}}},"fnMap":{"0":{"name":"(anonymous_0)","decl":{"start":{"line":10,"column":9},"end":{"line":10,"column":10}},"loc":{"start":{"line":10,"column":20},"end":{"line":10,"column":38}},"line":10},"1":{"name":"getUsers","decl":{"start":{"line":12,"column":15},"end":{"line":12,"column":23}},"loc":{"start":{"line":12,"column":44},"end":{"line":22,"column":1}},"line":12},"2":{"name":"addUser","decl":{"start":{"line":24,"column":15},"end":{"line":24,"column":22}},"loc":{"start":{"line":24,"column":29},"end":{"line":33,"column":1}},"line":24},"3":{"name":"removeUser","decl":{"start":{"line":35,"column":15},"end":{"line":35,"column":25}},"loc":{"start":{"line":35,"column":30},"end":{"line":45,"column":1}},"line":35},"4":{"name":"findUserByUsername","decl":{"start":{"line":47,"column":15},"end":{"line":47,"column":33}},"loc":{"start":{"line":47,"column":44},"end":{"line":49,"column":1}},"line":47},"5":{"name":"findUserByUsernameandPassword","decl":{"start":{"line":51,"column":15},"end":{"line":51,"column":44}},"loc":{"start":{"line":51,"column":65},"end":{"line":53,"column":1}},"line":51}},"branchMap":{"0":{"loc":{"start":{"line":14,"column":2},"end":{"line":20,"column":3}},"type":"if","locations":[{"start":{"line":14,"column":2},"end":{"line":20,"column":3}},{"start":{"line":16,"column":9},"end":{"line":20,"column":3}}],"line":14},"1":{"loc":{"start":{"line":14,"column":6},"end":{"line":14,"column":54}},"type":"binary-expr","locations":[{"start":{"line":14,"column":6},"end":{"line":14,"column":28}},{"start":{"line":14,"column":32},"end":{"line":14,"column":54}}],"line":14},"2":{"loc":{"start":{"line":16,"column":9},"end":{"line":20,"column":3}},"type":"if","locations":[{"start":{"line":16,"column":9},"end":{"line":20,"column":3}},{"start":{"line":18,"column":9},"end":{"line":20,"column":3}}],"line":16},"3":{"loc":{"start":{"line":16,"column":13},"end":{"line":16,"column":34}},"type":"binary-expr","locations":[{"start":{"line":16,"column":13},"end":{"line":16,"column":21}},{"start":{"line":16,"column":25},"end":{"line":16,"column":34}}],"line":16},"4":{"loc":{"start":{"line":18,"column":9},"end":{"line":20,"column":3}},"type":"if","locations":[{"start":{"line":18,"column":9},"end":{"line":20,"column":3}},{"start":{},"end":{}}],"line":18},"5":{"loc":{"start":{"line":18,"column":13},"end":{"line":18,"column":33}},"type":"binary-expr","locations":[{"start":{"line":18,"column":13},"end":{"line":18,"column":21}},{"start":{"line":18,"column":25},"end":{"line":18,"column":33}}],"line":18}},"s":{"0":1,"1":1,"2":1,"3":1,"4":0,"5":4,"6":1,"7":3,"8":1,"9":2,"10":2,"11":4,"12":3,"13":3,"14":3,"15":1,"16":2,"17":2,"18":2,"19":2,"20":1,"21":1,"22":1,"23":1,"24":2,"25":1,"26":1,"27":1},"f":{"0":0,"1":4,"2":3,"3":2,"4":1,"5":2},"b":{"0":[1,3],"1":[4,1],"2":[1,2],"3":[3,3],"4":[2,0],"5":[2,2]},"_coverageSchema":"1a1c01bbd47fc00a2c39e90264f33305004495a9","hash":"d1a4673c1cc1969c758db1437ebc963a462fc230"}
,"C:\\Users\\Reed\\Pixlerr\\expressjs-backend\\models\\user.js": {"path":"C:\\Users\\Reed\\Pixlerr\\expressjs-backend\\models\\user.js","statementMap":{"0":{"start":{"line":1,"column":17},"end":{"line":1,"column":36}},"1":{"start":{"line":3,"column":19},"end":{"line":21,"column":1}},"2":{"start":{"line":15,"column":8},"end":{"line":16,"column":78}},"3":{"start":{"line":16,"column":10},"end":{"line":16,"column":78}},"4":{"start":{"line":23,"column":13},"end":{"line":23,"column":47}},"5":{"start":{"line":25,"column":0},"end":{"line":25,"column":22}}},"fnMap":{"0":{"name":"(anonymous_0)","decl":{"start":{"line":14,"column":6},"end":{"line":14,"column":7}},"loc":{"start":{"line":14,"column":22},"end":{"line":17,"column":7}},"line":14}},"branchMap":{"0":{"loc":{"start":{"line":15,"column":8},"end":{"line":16,"column":78}},"type":"if","locations":[{"start":{"line":15,"column":8},"end":{"line":16,"column":78}},{"start":{},"end":{}}],"line":15}},"s":{"0":1,"1":1,"2":2,"3":1,"4":1,"5":1},"f":{"0":2},"b":{"0":[1,1]},"_coverageSchema":"1a1c01bbd47fc00a2c39e90264f33305004495a9","hash":"a48d019ae3403d1e9a40057d3d02d4bbe546373d"}
}
