{"C:\\Users\\Reed\\Pixlerr\\expressjs-backend\\models\\pixel-services.js": {"path":"C:\\Users\\Reed\\Pixlerr\\expressjs-backend\\models\\pixel-services.js","statementMap":{"0":{"start":{"line":1,"column":17},"end":{"line":1,"column":36}},"1":{"start":{"line":2,"column":19},"end":{"line":2,"column":37}},"2":{"start":{"line":3,"column":15},"end":{"line":3,"column":32}},"3":{"start":{"line":5,"column":0},"end":{"line":5,"column":16}},"4":{"start":{"line":7,"column":0},"end":{"line":7,"column":28}},"5":{"start":{"line":9,"column":0},"end":{"line":25,"column":39}},"6":{"start":{"line":25,"column":19},"end":{"line":25,"column":37}},"7":{"start":{"line":28,"column":1},"end":{"line":28,"column":32}},"8":{"start":{"line":32,"column":1},"end":{"line":42,"column":2}},"9":{"start":{"line":33,"column":2},"end":{"line":36,"column":4}},"10":{"start":{"line":34,"column":3},"end":{"line":34,"column":29}},"11":{"start":{"line":35,"column":3},"end":{"line":35,"column":16}},"12":{"start":{"line":37,"column":2},"end":{"line":37,"column":14}},"13":{"start":{"line":40,"column":2},"end":{"line":40,"column":21}},"14":{"start":{"line":41,"column":2},"end":{"line":41,"column":15}},"15":{"start":{"line":47,"column":2},"end":{"line":47,"column":34}},"16":{"start":{"line":48,"column":2},"end":{"line":48,"column":14}},"17":{"start":{"line":53,"column":1},"end":{"line":55,"column":2}},"18":{"start":{"line":54,"column":2},"end":{"line":54,"column":15}},"19":{"start":{"line":56,"column":2},"end":{"line":66,"column":3}},"20":{"start":{"line":56,"column":15},"end":{"line":56,"column":16}},"21":{"start":{"line":57,"column":3},"end":{"line":65,"column":4}},"22":{"start":{"line":57,"column":16},"end":{"line":57,"column":17}},"23":{"start":{"line":58,"column":16},"end":{"line":62,"column":5}},"24":{"start":{"line":63,"column":23},"end":{"line":63,"column":44}},"25":{"start":{"line":64,"column":4},"end":{"line":64,"column":28}},"26":{"start":{"line":67,"column":2},"end":{"line":67,"column":14}},"27":{"start":{"line":70,"column":0},"end":{"line":70,"column":30}},"28":{"start":{"line":71,"column":0},"end":{"line":71,"column":34}},"29":{"start":{"line":72,"column":0},"end":{"line":72,"column":34}},"30":{"start":{"line":73,"column":0},"end":{"line":73,"column":30}}},"fnMap":{"0":{"name":"(anonymous_0)","decl":{"start":{"line":25,"column":8},"end":{"line":25,"column":9}},"loc":{"start":{"line":25,"column":19},"end":{"line":25,"column":37}},"line":25},"1":{"name":"getPixels","decl":{"start":{"line":27,"column":15},"end":{"line":27,"column":24}},"loc":{"start":{"line":27,"column":27},"end":{"line":29,"column":1}},"line":27},"2":{"name":"updatePixel","decl":{"start":{"line":31,"column":15},"end":{"line":31,"column":26}},"loc":{"start":{"line":31,"column":41},"end":{"line":43,"column":1}},"line":31},"3":{"name":"(anonymous_3)","decl":{"start":{"line":33,"column":46},"end":{"line":33,"column":47}},"loc":{"start":{"line":33,"column":55},"end":{"line":36,"column":3}},"line":33},"4":{"name":"clearCanvas","decl":{"start":{"line":45,"column":15},"end":{"line":45,"column":26}},"loc":{"start":{"line":46,"column":0},"end":{"line":49,"column":1}},"line":46},"5":{"name":"newCanvas","decl":{"start":{"line":51,"column":15},"end":{"line":51,"column":24}},"loc":{"start":{"line":52,"column":0},"end":{"line":68,"column":1}},"line":52}},"branchMap":{"0":{"loc":{"start":{"line":53,"column":1},"end":{"line":55,"column":2}},"type":"if","locations":[{"start":{"line":53,"column":1},"end":{"line":55,"column":2}},{"start":{},"end":{}}],"line":53},"1":{"loc":{"start":{"line":53,"column":4},"end":{"line":53,"column":31}},"type":"binary-expr","locations":[{"start":{"line":53,"column":4},"end":{"line":53,"column":15}},{"start":{"line":53,"column":19},"end":{"line":53,"column":31}}],"line":53}},"s":{"0":1,"1":1,"2":1,"3":1,"4":1,"5":1,"6":0,"7":2,"8":2,"9":2,"10":2,"11":1,"12":1,"13":1,"14":1,"15":1,"16":1,"17":2,"18":1,"19":1,"20":1,"21":40,"22":40,"23":800,"24":800,"25":800,"26":1,"27":1,"28":1,"29":1,"30":1},"f":{"0":0,"1":2,"2":2,"3":2,"4":1,"5":2},"b":{"0":[1,1],"1":[2,1]},"_coverageSchema":"1a1c01bbd47fc00a2c39e90264f33305004495a9","hash":"7e33636d677e9ce0fa92f3aaff52ee55f15bdb0c"}
,"C:\\Users\\Reed\\Pixlerr\\expressjs-backend\\models\\pixel.js": {"path":"C:\\Users\\Reed\\Pixlerr\\expressjs-backend\\models\\pixel.js","statementMap":{"0":{"start":{"line":1,"column":17},"end":{"line":1,"column":36}},"1":{"start":{"line":3,"column":20},"end":{"line":19,"column":1}},"2":{"start":{"line":21,"column":0},"end":{"line":21,"column":54}}},"fnMap":{},"branchMap":{},"s":{"0":1,"1":1,"2":1},"f":{},"b":{},"_coverageSchema":"1a1c01bbd47fc00a2c39e90264f33305004495a9","hash":"65c343ec16e8e009e774ae0f5c90595524bb0186"}
,"C:\\Users\\Reed\\Pixlerr\\expressjs-backend\\models\\user-services.js": {"path":"C:\\Users\\Reed\\Pixlerr\\expressjs-backend\\models\\user-services.js","statementMap":{"0":{"start":{"line":1,"column":17},"end":{"line":1,"column":36}},"1":{"start":{"line":2,"column":18},"end":{"line":2,"column":35}},"2":{"start":{"line":3,"column":15},"end":{"line":3,"column":32}},"3":{"start":{"line":5,"column":0},"end":{"line":5,"column":16}},"4":{"start":{"line":7,"column":0},"end":{"line":7,"column":28}},"5":{"start":{"line":9,"column":0},"end":{"line":25,"column":39}},"6":{"start":{"line":25,"column":19},"end":{"line":25,"column":37}},"7":{"start":{"line":30,"column":2},"end":{"line":38,"column":3}},"8":{"start":{"line":31,"column":4},"end":{"line":31,"column":36}},"9":{"start":{"line":32,"column":9},"end":{"line":38,"column":3}},"10":{"start":{"line":33,"column":4},"end":{"line":33,"column":48}},"11":{"start":{"line":34,"column":9},"end":{"line":38,"column":3}},"12":{"start":{"line":35,"column":6},"end":{"line":35,"column":71}},"13":{"start":{"line":36,"column":9},"end":{"line":38,"column":3}},"14":{"start":{"line":37,"column":4},"end":{"line":37,"column":89}},"15":{"start":{"line":39,"column":2},"end":{"line":39,"column":16}},"16":{"start":{"line":43,"column":2},"end":{"line":50,"column":3}},"17":{"start":{"line":44,"column":22},"end":{"line":44,"column":41}},"18":{"start":{"line":45,"column":22},"end":{"line":45,"column":44}},"19":{"start":{"line":46,"column":4},"end":{"line":46,"column":21}},"20":{"start":{"line":48,"column":4},"end":{"line":48,"column":23}},"21":{"start":{"line":49,"column":4},"end":{"line":49,"column":17}},"22":{"start":{"line":54,"column":4},"end":{"line":62,"column":5}},"23":{"start":{"line":57,"column":28},"end":{"line":57,"column":65}},"24":{"start":{"line":58,"column":8},"end":{"line":58,"column":27}},"25":{"start":{"line":60,"column":8},"end":{"line":60,"column":27}},"26":{"start":{"line":61,"column":8},"end":{"line":61,"column":21}},"27":{"start":{"line":66,"column":2},"end":{"line":66,"column":54}},"28":{"start":{"line":70,"column":4},"end":{"line":70,"column":74}},"29":{"start":{"line":74,"column":2},"end":{"line":74,"column":95}},"30":{"start":{"line":77,"column":0},"end":{"line":77,"column":28}},"31":{"start":{"line":78,"column":0},"end":{"line":78,"column":26}},"32":{"start":{"line":79,"column":0},"end":{"line":79,"column":32}}},"fnMap":{"0":{"name":"(anonymous_0)","decl":{"start":{"line":25,"column":8},"end":{"line":25,"column":9}},"loc":{"start":{"line":25,"column":19},"end":{"line":25,"column":37}},"line":25},"1":{"name":"getUsers","decl":{"start":{"line":28,"column":15},"end":{"line":28,"column":23}},"loc":{"start":{"line":28,"column":56},"end":{"line":40,"column":1}},"line":28},"2":{"name":"addUser","decl":{"start":{"line":42,"column":15},"end":{"line":42,"column":22}},"loc":{"start":{"line":42,"column":29},"end":{"line":51,"column":1}},"line":42},"3":{"name":"removeUser","decl":{"start":{"line":53,"column":15},"end":{"line":53,"column":25}},"loc":{"start":{"line":53,"column":30},"end":{"line":63,"column":1}},"line":53},"4":{"name":"findUserByUsername","decl":{"start":{"line":65,"column":15},"end":{"line":65,"column":33}},"loc":{"start":{"line":65,"column":44},"end":{"line":67,"column":1}},"line":65},"5":{"name":"findUserByUsernameandPassword","decl":{"start":{"line":69,"column":15},"end":{"line":69,"column":44}},"loc":{"start":{"line":69,"column":65},"end":{"line":71,"column":1}},"line":69},"6":{"name":"findUserByUsernameandPasswordandEmail","decl":{"start":{"line":73,"column":15},"end":{"line":73,"column":52}},"loc":{"start":{"line":73,"column":85},"end":{"line":75,"column":1}},"line":73}},"branchMap":{"0":{"loc":{"start":{"line":30,"column":2},"end":{"line":38,"column":3}},"type":"if","locations":[{"start":{"line":30,"column":2},"end":{"line":38,"column":3}},{"start":{"line":32,"column":9},"end":{"line":38,"column":3}}],"line":30},"1":{"loc":{"start":{"line":30,"column":6},"end":{"line":30,"column":54}},"type":"binary-expr","locations":[{"start":{"line":30,"column":6},"end":{"line":30,"column":28}},{"start":{"line":30,"column":32},"end":{"line":30,"column":54}}],"line":30},"2":{"loc":{"start":{"line":32,"column":9},"end":{"line":38,"column":3}},"type":"if","locations":[{"start":{"line":32,"column":9},"end":{"line":38,"column":3}},{"start":{"line":34,"column":9},"end":{"line":38,"column":3}}],"line":32},"3":{"loc":{"start":{"line":32,"column":13},"end":{"line":32,"column":49}},"type":"binary-expr","locations":[{"start":{"line":32,"column":13},"end":{"line":32,"column":21}},{"start":{"line":32,"column":25},"end":{"line":32,"column":34}},{"start":{"line":32,"column":38},"end":{"line":32,"column":49}}],"line":32},"4":{"loc":{"start":{"line":34,"column":9},"end":{"line":38,"column":3}},"type":"if","locations":[{"start":{"line":34,"column":9},"end":{"line":38,"column":3}},{"start":{"line":36,"column":9},"end":{"line":38,"column":3}}],"line":34},"5":{"loc":{"start":{"line":34,"column":13},"end":{"line":34,"column":48}},"type":"binary-expr","locations":[{"start":{"line":34,"column":13},"end":{"line":34,"column":21}},{"start":{"line":34,"column":25},"end":{"line":34,"column":33}},{"start":{"line":34,"column":37},"end":{"line":34,"column":48}}],"line":34},"6":{"loc":{"start":{"line":36,"column":9},"end":{"line":38,"column":3}},"type":"if","locations":[{"start":{"line":36,"column":9},"end":{"line":38,"column":3}},{"start":{},"end":{}}],"line":36},"7":{"loc":{"start":{"line":36,"column":13},"end":{"line":36,"column":47}},"type":"binary-expr","locations":[{"start":{"line":36,"column":13},"end":{"line":36,"column":21}},{"start":{"line":36,"column":25},"end":{"line":36,"column":33}},{"start":{"line":36,"column":37},"end":{"line":36,"column":47}}],"line":36}},"s":{"0":1,"1":1,"2":1,"3":1,"4":1,"5":1,"6":0,"7":5,"8":1,"9":4,"10":1,"11":3,"12":1,"13":2,"14":2,"15":5,"16":3,"17":3,"18":3,"19":1,"20":2,"21":2,"22":2,"23":2,"24":1,"25":1,"26":1,"27":1,"28":1,"29":2,"30":1,"31":1,"32":1},"f":{"0":0,"1":5,"2":3,"3":2,"4":1,"5":1,"6":2},"b":{"0":[1,4],"1":[5,1],"2":[1,3],"3":[4,4,1],"4":[1,2],"5":[3,3,3],"6":[2,0],"7":[2,2,2]},"_coverageSchema":"1a1c01bbd47fc00a2c39e90264f33305004495a9","hash":"e5e06375ac7cd47c24298f1d32266bae0860cde0"}
,"C:\\Users\\Reed\\Pixlerr\\expressjs-backend\\models\\user.js": {"path":"C:\\Users\\Reed\\Pixlerr\\expressjs-backend\\models\\user.js","statementMap":{"0":{"start":{"line":1,"column":17},"end":{"line":1,"column":36}},"1":{"start":{"line":3,"column":19},"end":{"line":26,"column":1}},"2":{"start":{"line":15,"column":8},"end":{"line":16,"column":78}},"3":{"start":{"line":16,"column":10},"end":{"line":16,"column":78}},"4":{"start":{"line":28,"column":13},"end":{"line":28,"column":47}},"5":{"start":{"line":30,"column":0},"end":{"line":30,"column":22}}},"fnMap":{"0":{"name":"(anonymous_0)","decl":{"start":{"line":14,"column":6},"end":{"line":14,"column":7}},"loc":{"start":{"line":14,"column":22},"end":{"line":17,"column":7}},"line":14}},"branchMap":{"0":{"loc":{"start":{"line":15,"column":8},"end":{"line":16,"column":78}},"type":"if","locations":[{"start":{"line":15,"column":8},"end":{"line":16,"column":78}},{"start":{},"end":{}}],"line":15}},"s":{"0":1,"1":1,"2":2,"3":1,"4":1,"5":1},"f":{"0":2},"b":{"0":[1,1]},"_coverageSchema":"1a1c01bbd47fc00a2c39e90264f33305004495a9","hash":"e733e72d2f7ecee89187db6eeb958f57a13e9ee8"}
}
