TN:
SF:models\pixel-services.js
FN:25,(anonymous_0)
FN:27,getPixels
FN:31,updatePixel
FN:33,(anonymous_3)
FN:45,clearCanvas
FN:51,newCanvas
FNF:6
FNH:5
FNDA:0,(anonymous_0)
FNDA:2,getPixels
FNDA:2,updatePixel
FNDA:2,(anonymous_3)
FNDA:1,clearCanvas
FNDA:2,newCanvas
DA:1,1
DA:2,1
DA:3,1
DA:5,1
DA:7,1
DA:9,1
DA:25,0
DA:28,2
DA:32,2
DA:33,2
DA:34,2
DA:35,1
DA:37,1
DA:40,1
DA:41,1
DA:47,1
DA:48,1
DA:53,2
DA:54,1
DA:56,1
DA:57,40
DA:58,800
DA:63,800
DA:64,800
DA:67,1
DA:70,1
DA:71,1
DA:72,1
DA:73,1
LF:29
LH:28
BRDA:53,0,0,1
BRDA:53,0,1,1
BRDA:53,1,0,2
BRDA:53,1,1,1
BRF:4
BRH:4
end_of_record
TN:
SF:models\pixel.js
FNF:0
FNH:0
DA:1,1
DA:3,1
DA:21,1
LF:3
LH:3
BRF:0
BRH:0
end_of_record
TN:
SF:models\user-services.js
FN:25,(anonymous_0)
FN:28,getUsers
FN:42,addUser
FN:53,removeUser
FN:65,findUserByUsername
FN:69,findUserByUsernameandPassword
FN:73,findUserByUsernameandPasswordandEmail
FNF:7
FNH:6
FNDA:0,(anonymous_0)
FNDA:5,getUsers
FNDA:3,addUser
FNDA:2,removeUser
FNDA:1,findUserByUsername
FNDA:1,findUserByUsernameandPassword
FNDA:2,findUserByUsernameandPasswordandEmail
DA:1,1
DA:2,1
DA:3,1
DA:5,1
DA:7,1
DA:9,1
DA:25,0
DA:30,5
DA:31,1
DA:32,4
DA:33,1
DA:34,3
DA:35,1
DA:36,2
DA:37,2
DA:39,5
DA:43,3
DA:44,3
DA:45,3
DA:46,1
DA:48,2
DA:49,2
DA:54,2
DA:57,2
DA:58,1
DA:60,1
DA:61,1
DA:66,1
DA:70,1
DA:74,2
DA:77,1
DA:78,1
DA:79,1
LF:33
LH:32
BRDA:30,0,0,1
BRDA:30,0,1,4
BRDA:30,1,0,5
BRDA:30,1,1,1
BRDA:32,2,0,1
BRDA:32,2,1,3
BRDA:32,3,0,4
BRDA:32,3,1,4
BRDA:32,3,2,1
BRDA:34,4,0,1
BRDA:34,4,1,2
BRDA:34,5,0,3
BRDA:34,5,1,3
BRDA:34,5,2,3
BRDA:36,6,0,2
BRDA:36,6,1,0
BRDA:36,7,0,2
BRDA:36,7,1,2
BRDA:36,7,2,2
BRF:19
BRH:18
end_of_record
TN:
SF:models\user.js
FN:14,(anonymous_0)
FNF:1
FNH:1
FNDA:2,(anonymous_0)
DA:1,1
DA:3,1
DA:15,2
DA:16,1
DA:28,1
DA:30,1
LF:6
LH:6
BRDA:15,0,0,1
BRDA:15,0,1,1
BRF:2
BRH:2
end_of_record
