TN:
SF:models\pixel-services.js
FN:11,(anonymous_0)
FN:13,getPixels
FN:17,updatePixel
FN:19,(anonymous_3)
FN:31,clearCanvas
FN:37,newCanvas
FNF:6
FNH:5
FNDA:0,(anonymous_0)
FNDA:2,getPixels
FNDA:2,updatePixel
FNDA:2,(anonymous_3)
FNDA:1,clearCanvas
FNDA:2,newCanvas
DA:1,1
DA:2,1
DA:3,1
DA:4,1
DA:6,1
DA:11,0
DA:14,2
DA:18,2
DA:19,2
DA:20,2
DA:21,1
DA:23,1
DA:26,1
DA:27,1
DA:33,1
DA:34,1
DA:39,2
DA:40,1
DA:42,1
DA:43,40
DA:44,800
DA:49,800
DA:50,800
DA:53,1
DA:56,1
DA:57,1
DA:58,1
DA:59,1
LF:28
LH:27
BRDA:39,0,0,1
BRDA:39,0,1,1
BRDA:39,1,0,2
BRDA:39,1,1,1
BRF:4
BRH:4
end_of_record
TN:
SF:models\pixel.js
FNF:0
FNH:0
DA:1,1
DA:3,1
DA:21,1
LF:3
LH:3
BRF:0
BRH:0
end_of_record
TN:
SF:models\user-services.js
FN:10,(anonymous_0)
FN:12,getUsers
FN:26,addUser
FN:37,removeUser
FN:49,findUserByUsername
FN:53,findUserByUsernameandPassword
FN:57,findUserByUsernameandPasswordandEmail
FNF:7
FNH:6
FNDA:0,(anonymous_0)
FNDA:5,getUsers
FNDA:3,addUser
FNDA:2,removeUser
FNDA:1,findUserByUsername
FNDA:1,findUserByUsernameandPassword
FNDA:2,findUserByUsernameandPasswordandEmail
DA:1,1
DA:2,1
DA:3,1
DA:5,1
DA:10,0
DA:14,5
DA:15,1
DA:16,4
DA:17,1
DA:18,3
DA:19,1
DA:20,2
DA:21,2
DA:23,5
DA:27,3
DA:28,3
DA:29,3
DA:30,1
DA:32,2
DA:33,2
DA:38,2
DA:41,2
DA:42,1
DA:44,1
DA:45,1
DA:50,1
DA:54,1
DA:58,2
DA:61,1
DA:62,1
DA:63,1
LF:31
LH:30
BRDA:14,0,0,1
BRDA:14,0,1,4
BRDA:14,1,0,5
BRDA:14,1,1,1
BRDA:16,2,0,1
BRDA:16,2,1,3
BRDA:16,3,0,4
BRDA:16,3,1,4
BRDA:16,3,2,1
BRDA:18,4,0,1
BRDA:18,4,1,2
BRDA:18,5,0,3
BRDA:18,5,1,3
BRDA:18,5,2,3
BRDA:20,6,0,2
BRDA:20,6,1,0
BRDA:20,7,0,2
BRDA:20,7,1,2
BRDA:20,7,2,2
BRF:19
BRH:18
end_of_record
TN:
SF:models\user.js
FN:14,(anonymous_0)
FNF:1
FNH:1
FNDA:2,(anonymous_0)
DA:1,1
DA:3,1
DA:15,2
DA:16,1
DA:28,1
DA:30,1
LF:6
LH:6
BRDA:15,0,0,1
BRDA:15,0,1,1
BRF:2
BRH:2
end_of_record
